<?xml version="1.0" encoding="UTF-8"?>
<!-- Generated by org.testng.reporters.JUnitXMLReporter -->
<testsuite ignored="0" hostname="DESKTOP-KQ2N0T6" failures="1" tests="2" name="Login" time="16.145" errors="0" timestamp="2023-08-09T20:06:16 EEST">
  <testcase classname="Mentor.LoginTest" name="badLogin" time="1.599">
    <failure type="java.lang.AssertionError" message="expected [null] but found [[[ChromeDriver: chrome on windows (19f3d3bda4ee2b46bdf1f5fd995d503e)] -&amp;gt; css selector: p.lead.text-danger]]">
      <![CDATA[java.lang.AssertionError: expected [null] but found [[[ChromeDriver: chrome on windows (19f3d3bda4ee2b46bdf1f5fd995d503e)] -> css selector: p.lead.text-danger]]
at org.example.Mentor.Pages.LoginPage.verifyBadLogin(LoginPage.java:22)
at Mentor.LoginTest.badLogin(LoginTest.java:25)
at java.base/java.util.ArrayList.forEach(ArrayList.java:1511)
at com.intellij.rt.testng.IDEARemoteTestNG.run(IDEARemoteTestNG.java:66)
at com.intellij.rt.testng.RemoteTestNGStarter.main(RemoteTestNGStarter.java:105)
... Removed 26 stack frames]]>
    </failure>
  </testcase> <!-- badLogin -->
  <testcase classname="Mentor.LoginTest" name="successfulLogin" time="1.658"/>
</testsuite> <!-- Login -->
