<?xml version="1.0" encoding="UTF-8"?>
<testng-results ignored="0" total="2" passed="1" failed="1" skipped="0">
  <reporter-output>
  </reporter-output>
  <suite started-at="2023-08-09T20:06:00 EEST" name="CURA" finished-at="2023-08-09T20:06:16 EEST" duration-ms="16145">
    <groups>
    </groups>
    <test started-at="2023-08-09T20:06:00 EEST" name="Login" finished-at="2023-08-09T20:06:16 EEST" duration-ms="16145">
      <class name="Mentor.LoginTest">
        <test-method is-config="true" signature="launchBrowser()[pri:0, instance:Mentor.LoginTest@ec756bd]" started-at="2023-08-09T20:06:00 EEST" name="launchBrowser" finished-at="2023-08-09T20:06:07 EEST" duration-ms="6839" status="PASS">
          <reporter-output>
          </reporter-output>
        </test-method> <!-- launchBrowser -->
        <test-method signature="badLogin()[pri:0, instance:Mentor.LoginTest@ec756bd]" started-at="2023-08-09T20:06:07 EEST" name="badLogin" finished-at="2023-08-09T20:06:09 EEST" duration-ms="1599" status="FAIL">
          <exception class="java.lang.AssertionError">
            <message>
              <![CDATA[expected [null] but found [[[ChromeDriver: chrome on windows (19f3d3bda4ee2b46bdf1f5fd995d503e)] -> css selector: p.lead.text-danger]]]]>
            </message>
            <full-stacktrace>
              <![CDATA[java.lang.AssertionError: expected [null] but found [[[ChromeDriver: chrome on windows (19f3d3bda4ee2b46bdf1f5fd995d503e)] -> css selector: p.lead.text-danger]]
at org.testng.Assert.fail(Assert.java:111)
at org.testng.Assert.failNotSame(Assert.java:1574)
at org.testng.Assert.assertNull(Assert.java:1507)
at org.testng.Assert.assertNull(Assert.java:1495)
at org.example.Mentor.Pages.LoginPage.verifyBadLogin(LoginPage.java:22)
at Mentor.LoginTest.badLogin(LoginTest.java:25)
at java.base/jdk.internal.reflect.DirectMethodHandleAccessor.invoke(DirectMethodHandleAccessor.java:104)
at java.base/java.lang.reflect.Method.invoke(Method.java:578)
at org.testng.internal.invokers.MethodInvocationHelper.invokeMethod(MethodInvocationHelper.java:139)
at org.testng.internal.invokers.TestInvoker.invokeMethod(TestInvoker.java:664)
at org.testng.internal.invokers.TestInvoker.invokeTestMethod(TestInvoker.java:227)
at org.testng.internal.invokers.MethodRunner.runInSequence(MethodRunner.java:50)
at org.testng.internal.invokers.TestInvoker$MethodInvocationAgent.invoke(TestInvoker.java:957)
at org.testng.internal.invokers.TestInvoker.invokeTestMethods(TestInvoker.java:200)
at org.testng.internal.invokers.TestMethodWorker.invokeTestMethods(TestMethodWorker.java:148)
at org.testng.internal.invokers.TestMethodWorker.run(TestMethodWorker.java:128)
at java.base/java.util.ArrayList.forEach(ArrayList.java:1511)
at org.testng.TestRunner.privateRun(TestRunner.java:848)
at org.testng.TestRunner.run(TestRunner.java:621)
at org.testng.SuiteRunner.runTest(SuiteRunner.java:443)
at org.testng.SuiteRunner.runSequentially(SuiteRunner.java:437)
at org.testng.SuiteRunner.privateRun(SuiteRunner.java:397)
at org.testng.SuiteRunner.run(SuiteRunner.java:336)
at org.testng.SuiteRunnerWorker.runSuite(SuiteRunnerWorker.java:52)
at org.testng.SuiteRunnerWorker.run(SuiteRunnerWorker.java:95)
at org.testng.TestNG.runSuitesSequentially(TestNG.java:1280)
at org.testng.TestNG.runSuitesLocally(TestNG.java:1200)
at org.testng.TestNG.runSuites(TestNG.java:1114)
at org.testng.TestNG.run(TestNG.java:1082)
at com.intellij.rt.testng.IDEARemoteTestNG.run(IDEARemoteTestNG.java:66)
at com.intellij.rt.testng.RemoteTestNGStarter.main(RemoteTestNGStarter.java:105)
]]>
            </full-stacktrace>
          </exception> <!-- java.lang.AssertionError -->
          <reporter-output>
          </reporter-output>
        </test-method> <!-- badLogin -->
        <test-method is-config="true" signature="tearDown()[pri:0, instance:Mentor.LoginTest@ec756bd]" started-at="2023-08-09T20:06:09 EEST" name="tearDown" finished-at="2023-08-09T20:06:09 EEST" duration-ms="378" status="PASS">
          <reporter-output>
          </reporter-output>
        </test-method> <!-- tearDown -->
        <test-method is-config="true" signature="launchBrowser()[pri:0, instance:Mentor.LoginTest@ec756bd]" started-at="2023-08-09T20:06:09 EEST" name="launchBrowser" finished-at="2023-08-09T20:06:14 EEST" duration-ms="5315" status="PASS">
          <reporter-output>
          </reporter-output>
        </test-method> <!-- launchBrowser -->
        <test-method signature="successfulLogin()[pri:0, instance:Mentor.LoginTest@ec756bd]" started-at="2023-08-09T20:06:14 EEST" name="successfulLogin" finished-at="2023-08-09T20:06:16 EEST" duration-ms="1658" status="PASS">
          <reporter-output>
          </reporter-output>
        </test-method> <!-- successfulLogin -->
        <test-method is-config="true" signature="tearDown()[pri:0, instance:Mentor.LoginTest@ec756bd]" started-at="2023-08-09T20:06:16 EEST" name="tearDown" finished-at="2023-08-09T20:06:16 EEST" duration-ms="272" status="PASS">
          <reporter-output>
          </reporter-output>
        </test-method> <!-- tearDown -->
      </class> <!-- Mentor.LoginTest -->
    </test> <!-- Login -->
  </suite> <!-- CURA -->
</testng-results>
